This is pdfTeX, Version 3.141592653-2.6-1.40.26 (TeX Live 2024/Arch Linux) (preloaded format=pdflatex 2024.9.26)  5 NOV 2024 14:08
entering extended mode
 restricted \write18 enabled.
 file:line:error style messages enabled.
 %&-line parsing enabled.
**ANSWERS.tex
(./ANSWERS.tex
LaTeX2e <2023-11-01> patch level 1
L3 programming layer <2024-02-20>
(/usr/share/texmf-dist/tex/latex/base/article.cls
Document Class: article 2023/05/17 v1.4n Standard LaTeX document class
(/usr/share/texmf-dist/tex/latex/base/size12.clo
File: size12.clo 2023/05/17 v1.4n Standard LaTeX file (size option)
)
\c@part=\count188
\c@section=\count189
\c@subsection=\count190
\c@subsubsection=\count191
\c@paragraph=\count192
\c@subparagraph=\count193
\c@figure=\count194
\c@table=\count195
\abovecaptionskip=\skip48
\belowcaptionskip=\skip49
\bibindent=\dimen140
) (/usr/share/texmf-dist/tex/latex/breqn/breqn.sty (/usr/share/texmf-dist/tex/latex/l3kernel/expl3.sty
Package: expl3 2024-02-20 L3 programming layer (loader) 
 (/usr/share/texmf-dist/tex/latex/l3backend/l3backend-pdftex.def
File: l3backend-pdftex.def 2024-02-20 L3 backend support: PDF output (pdfTeX)
\l__color_backend_stack_int=\count196
\l__pdf_internal_box=\box51
))
Package: breqn 2021/10/28 v0.98l Breaking equations
 (/usr/share/texmf-dist/tex/latex/amsmath/amsmath.sty
Package: amsmath 2023/05/13 v2.17o AMS math features
\@mathmargin=\skip50

For additional information on amsmath, use the `?' option.
(/usr/share/texmf-dist/tex/latex/amsmath/amstext.sty
Package: amstext 2021/08/26 v2.01 AMS text
 (/usr/share/texmf-dist/tex/latex/amsmath/amsgen.sty
File: amsgen.sty 1999/11/30 v2.0 generic functions
\@emptytoks=\toks17
\ex@=\dimen141
)) (/usr/share/texmf-dist/tex/latex/amsmath/amsbsy.sty
Package: amsbsy 1999/11/29 v1.2d Bold Symbols
\pmbraise@=\dimen142
) (/usr/share/texmf-dist/tex/latex/amsmath/amsopn.sty
Package: amsopn 2022/04/08 v2.04 operator names
)
\inf@bad=\count197
LaTeX Info: Redefining \frac on input line 234.
\uproot@=\count198
\leftroot@=\count199
LaTeX Info: Redefining \overline on input line 399.
LaTeX Info: Redefining \colon on input line 410.
\classnum@=\count266
\DOTSCASE@=\count267
LaTeX Info: Redefining \ldots on input line 496.
LaTeX Info: Redefining \dots on input line 499.
LaTeX Info: Redefining \cdots on input line 620.
\Mathstrutbox@=\box52
\strutbox@=\box53
LaTeX Info: Redefining \big on input line 722.
LaTeX Info: Redefining \Big on input line 723.
LaTeX Info: Redefining \bigg on input line 724.
LaTeX Info: Redefining \Bigg on input line 725.
\big@size=\dimen143
LaTeX Font Info:    Redeclaring font encoding OML on input line 743.
LaTeX Font Info:    Redeclaring font encoding OMS on input line 744.
\macc@depth=\count268
LaTeX Info: Redefining \bmod on input line 905.
LaTeX Info: Redefining \pmod on input line 910.
LaTeX Info: Redefining \smash on input line 940.
LaTeX Info: Redefining \relbar on input line 970.
LaTeX Info: Redefining \Relbar on input line 971.
\c@MaxMatrixCols=\count269
\dotsspace@=\muskip16
\c@parentequation=\count270
\dspbrk@lvl=\count271
\tag@help=\toks18
\row@=\count272
\column@=\count273
\maxfields@=\count274
\andhelp@=\toks19
\eqnshift@=\dimen144
\alignsep@=\dimen145
\tagshift@=\dimen146
\tagwidth@=\dimen147
\totwidth@=\dimen148
\lineht@=\dimen149
\@envbody=\toks20
\multlinegap=\skip51
\multlinetaggap=\skip52
\mathdisplay@stack=\toks21
LaTeX Info: Redefining \[ on input line 2953.
LaTeX Info: Redefining \] on input line 2954.
) (/usr/share/texmf-dist/tex/latex/graphics/graphicx.sty
Package: graphicx 2021/09/16 v1.2d Enhanced LaTeX Graphics (DPC,SPQR)
 (/usr/share/texmf-dist/tex/latex/graphics/keyval.sty
Package: keyval 2022/05/29 v1.15 key=value parser (DPC)
\KV@toks@=\toks22
) (/usr/share/texmf-dist/tex/latex/graphics/graphics.sty
Package: graphics 2022/03/10 v1.4e Standard LaTeX Graphics (DPC,SPQR)
 (/usr/share/texmf-dist/tex/latex/graphics/trig.sty
Package: trig 2021/08/11 v1.11 sin cos tan (DPC)
) (/usr/share/texmf-dist/tex/latex/graphics-cfg/graphics.cfg
File: graphics.cfg 2016/06/04 v1.11 sample graphics configuration
)
Package graphics Info: Driver file: pdftex.def on input line 107.
 (/usr/share/texmf-dist/tex/latex/graphics-def/pdftex.def
File: pdftex.def 2022/09/22 v1.2b Graphics/color driver for pdftex
))
\Gin@req@height=\dimen150
\Gin@req@width=\dimen151
) (/usr/share/texmf-dist/tex/latex/breqn/flexisym.sty
Package: flexisym 2021/10/28 v0.98l Make math characters macros
LaTeX Info: Redefining \textprime on input line 299.
LaTeX Info: Redefining \not on input line 357.
 (/usr/share/texmf-dist/tex/latex/breqn/cmbase.sym
File: cmbase.sym 2007/12/19 v0.92
LaTeX Info: Redefining \hbar on input line 324.
LaTeX Info: Redefining \surd on input line 326.
LaTeX Info: Redefining \angle on input line 334.
LaTeX Info: Redefining \neq on input line 335.
LaTeX Info: Redefining \mapsto on input line 336.
LaTeX Info: Redefining \cong on input line 337.
LaTeX Info: Redefining \notin on input line 340.
LaTeX Info: Redefining \rightleftharpoons on input line 341.
LaTeX Info: Redefining \doteq on input line 342.
LaTeX Info: Redefining \hookrightarrow on input line 343.
LaTeX Info: Redefining \hookleftarrow on input line 344.
LaTeX Info: Redefining \bowtie on input line 345.
LaTeX Info: Redefining \models on input line 346.
LaTeX Info: Redefining \Longrightarrow on input line 347.
LaTeX Info: Redefining \longrightarrow on input line 348.
LaTeX Info: Redefining \Longleftarrow on input line 349.
LaTeX Info: Redefining \longleftarrow on input line 350.
LaTeX Info: Redefining \longmapsto on input line 351.
LaTeX Info: Redefining \longleftrightarrow on input line 352.
LaTeX Info: Redefining \Longleftrightarrow on input line 353.
LaTeX Info: Redefining \cdots on input line 357.
LaTeX Info: Redefining \vdots on input line 360.
LaTeX Info: Redefining \ddots on input line 365.
) (/usr/share/texmf-dist/tex/latex/breqn/mathstyle.sty
Package: mathstyle 2021/10/28 v0.98l Tracking mathstyle implicitly
LaTeX Info: Redefining \displaystyle on input line 95.
LaTeX Info: Redefining \textstyle on input line 97.
LaTeX Info: Redefining \scriptstyle on input line 99.
LaTeX Info: Redefining \scriptscriptstyle on input line 101.
LaTeX Info: Redefining \genfrac on input line 149.
)) (/usr/share/texmf-dist/tex/latex/tools/calc.sty
Package: calc 2023/07/08 v4.3 Infix arithmetic (KKT,FJ)
\calc@Acount=\count275
\calc@Bcount=\count276
\calc@Adimen=\dimen152
\calc@Bdimen=\dimen153
\calc@Askip=\skip53
\calc@Bskip=\skip54
LaTeX Info: Redefining \setlength on input line 80.
LaTeX Info: Redefining \addtolength on input line 81.
\calc@Ccount=\count277
\calc@Cskip=\skip55
)
\inf@bad=\count278
\maxint=\count279
\listwidth=\dimen154
\eqnumsep=\dimen155
\eqmargin=\dimen156
\eqlinespacing=\skip56
\eqlineskip=\skip57
\eqlineskiplimit=\dimen157
\eqbinoffset=\muskip17
\eqdelimoffset=\muskip18
\eqindentstep=\dimen158
\eqstyle=\toks23
\eqbreakdepth=\count280
\eqinterlinepenalty=\count281
\intereqpenalty=\count282
\intereqskip=\skip58
\prerelpenalty=\count283
\prebinoppenalty=\count284
\Dmedmuskip=\muskip19
\Dthickmuskip=\muskip20
\eqleftskip=\skip59
\eqrightskip=\skip60
\eq@vspan=\skip61
\eq@binoffset=\muskip21
\EQ@box=\box54
\EQ@copy=\box55
\EQ@numbox=\box56
\eq@wdNum=\dimen159
\GRP@numbox=\box57
\grp@wdNum=\dimen160
\eq@lines=\count285
\eq@curline=\count286
\eq@badness=\count287
\EQ@vims=\count288
\eq@dp=\dimen161
\eq@wdL=\dimen162
\eq@wdT=\dimen163
\eq@wdMin=\dimen164
\grp@wdL=\dimen165
\grp@wdR=\dimen166
\grp@wdT=\dimen167
\eq@wdRmax=\dimen168
\eq@firstht=\dimen169
\eq@wdCond=\dimen170
\eq@indentstep=\dimen171
\eq@linewidth=\dimen172
\grp@linewidth=\dimen173
\eq@hshift=\dimen174
\eq@given@sidespace=\dimen175
\mathindent=\dimen176
\eq@final@linecount=\count289
\eq@wdR=\dimen177
\EQ@continue=\toks24
\lr@level=\count290
\GRP@queue=\toks25
\GRP@box=\box58
\GRP@wholebox=\box59
\darraycolsep=\skip62
\cur@row=\count291
\cur@col=\count292
\conditionsep=\skip63
) (/usr/share/texmf-dist/tex/latex/geometry/geometry.sty
Package: geometry 2020/01/02 v5.9 Page Geometry
 (/usr/share/texmf-dist/tex/generic/iftex/ifvtex.sty
Package: ifvtex 2019/10/25 v1.7 ifvtex legacy package. Use iftex instead.
 (/usr/share/texmf-dist/tex/generic/iftex/iftex.sty
Package: iftex 2022/02/03 v1.0f TeX engine tests
))
\Gm@cnth=\count293
\Gm@cntv=\count294
\c@Gm@tempcnt=\count295
\Gm@bindingoffset=\dimen178
\Gm@wd@mp=\dimen179
\Gm@odd@mp=\dimen180
\Gm@even@mp=\dimen181
\Gm@layoutwidth=\dimen182
\Gm@layoutheight=\dimen183
\Gm@layouthoffset=\dimen184
\Gm@layoutvoffset=\dimen185
\Gm@dimlist=\toks26
) (/usr/share/texmf-dist/tex/latex/amscls/amsthm.sty
Package: amsthm 2020/05/29 v2.20.6
\thm@style=\toks27
\thm@bodyfont=\toks28
\thm@headfont=\toks29
\thm@notefont=\toks30
\thm@headpunct=\toks31
\thm@preskip=\skip64
\thm@postskip=\skip65
\thm@headsep=\skip66
\dth@everypar=\toks32
) (/usr/share/texmf-dist/tex/latex/amsfonts/amssymb.sty
Package: amssymb 2013/01/14 v3.01 AMS font symbols
 (/usr/share/texmf-dist/tex/latex/amsfonts/amsfonts.sty
Package: amsfonts 2013/01/14 v3.01 Basic AMSFonts support
\symAMSa=\mathgroup4
\symAMSb=\mathgroup5
LaTeX Font Info:    Overwriting math alphabet `\mathfrak' in version `bold'
(Font)                  U/euf/m/n --> U/euf/b/n on input line 106.
)) (/usr/share/texmf-dist/tex/latex/enumitem/enumitem.sty
Package: enumitem 2019/06/20 v3.9 Customized lists
\labelindent=\skip67
\enit@outerparindent=\dimen186
\enit@toks=\toks33
\enit@inbox=\box60
\enit@count@id=\count296
\enitdp@description=\count297
) (/usr/share/texmf-dist/tex/generic/babel/babel.sty
Package: babel 2024/02/07 v24.2 The Babel package
\babel@savecnt=\count298
\U@D=\dimen187
\l@unhyphenated=\language13
 (/usr/share/texmf-dist/tex/generic/babel/txtbabel.def)
\bbl@readstream=\read2
\bbl@dirlevel=\count299
 (/usr/share/texmf-dist/tex/generic/babel-german/german.ldf
Language: german 2024/01/19 v2.14 German support for babel (pre-1996 orthography)
 (/usr/share/texmf-dist/tex/generic/babel-german/germanb.ldf
Language: germanb 2024/01/19 v2.14 German support for babel (pre-1996 orthography)
Package babel Info: Making " an active character on input line 139.
)) (/usr/share/texmf-dist/tex/generic/babel-spanish/spanish.ldf
Language: spanish.ldf 2021/05/27 v5.0q Spanish support from the babel system
\es@quottoks=\toks34
\es@quotdepth=\count300
Package babel Info: Making . an active character on input line 675.
Package babel Info: Making < an active character on input line 722.
Package babel Info: Making > an active character on input line 722.
) (/usr/share/texmf-dist/tex/generic/babel-english/english.ldf
Language: english 2017/06/06 v3.3r English support from the babel system
Package babel Info: Hyphen rules for 'british' set to \l@english
(babel)             (\language0). Reported on input line 82.
Package babel Info: Hyphen rules for 'UKenglish' set to \l@english
(babel)             (\language0). Reported on input line 83.
Package babel Info: Hyphen rules for 'canadian' set to \l@english
(babel)             (\language0). Reported on input line 102.
Package babel Info: Hyphen rules for 'australian' set to \l@english
(babel)             (\language0). Reported on input line 105.
Package babel Info: Hyphen rules for 'newzealand' set to \l@english
(babel)             (\language0). Reported on input line 108.
)) (/usr/share/texmf-dist/tex/generic/babel/locale/en/babel-english.tex
Package babel Info: Importing font and identification data for english
(babel)             from babel-en.ini. Reported on input line 11.
) (/usr/share/texmf-dist/tex/generic/babel/locale/es/babel-spanish.tex
Package babel Info: Importing font and identification data for spanish
(babel)             from babel-es.ini. Reported on input line 11.
) (/usr/share/texmf-dist/tex/generic/babel/locale/de/babel-german.tex
Package babel Info: Importing font and identification data for german
(babel)             from babel-de.ini. Reported on input line 25.
) (/usr/share/texmf-dist/tex/latex/tensor/tensor.sty
Package: tensor 2023/07/18 v2.2 tensor indices package (PGR)
\tnsr@Sps=\toks35
\tnsr@Sbs=\toks36
\tnsr@Spe=\toks37
\tnsr@Sbe=\toks38
\ncld@Mno=\toks39
) (/usr/share/texmf-dist/tex/latex/esint/esint.sty
Package: esint 
\symlargesymbolsA=\mathgroup6
) (/usr/share/texmf-dist/tex/latex/base/fontenc.sty
Package: fontenc 2021/04/29 v2.0v Standard LaTeX package
) (/usr/share/texmf-dist/tex/latex/mathtools/mathtools.sty
Package: mathtools 2024/03/11 v1.30 mathematical typesetting tools
 (/usr/share/texmf-dist/tex/latex/mathtools/mhsetup.sty
Package: mhsetup 2021/03/18 v1.4 programming setup (MH)
)
\g_MT_multlinerow_int=\count301
\l_MT_multwidth_dim=\dimen188
\origjot=\skip68
\l_MT_shortvdotswithinadjustabove_dim=\dimen189
\l_MT_shortvdotswithinadjustbelow_dim=\dimen190
\l_MT_above_intertext_sep=\dimen191
\l_MT_below_intertext_sep=\dimen192
\l_MT_above_shortintertext_sep=\dimen193
\l_MT_below_shortintertext_sep=\dimen194
\xmathstrut@box=\box61
\xmathstrut@dim=\dimen195
)
(/usr/share/texmf-dist/tex/latex/siunitx/siunitx.sty
Package: siunitx 2024-02-15 v3.3.12 A comprehensive (SI) units package
\l__siunitx_number_uncert_offset_int=\count302
\l__siunitx_number_exponent_fixed_int=\count303
\l__siunitx_number_min_decimal_int=\count304
\l__siunitx_number_min_integer_int=\count305
\l__siunitx_number_round_precision_int=\count306
\l__siunitx_number_lower_threshold_int=\count307
\l__siunitx_number_upper_threshold_int=\count308
\l__siunitx_number_group_first_int=\count309
\l__siunitx_number_group_size_int=\count310
\l__siunitx_number_group_minimum_int=\count311
\l__siunitx_angle_tmp_dim=\dimen196
\l__siunitx_angle_marker_box=\box62
\l__siunitx_angle_unit_box=\box63
\l__siunitx_compound_count_int=\count312
 (/usr/share/texmf-dist/tex/latex/translations/translations.sty
Package: translations 2022/02/05 v1.12 internationalization of LaTeX2e packages (CN)
 (/usr/share/texmf-dist/tex/latex/etoolbox/etoolbox.sty
Package: etoolbox 2020/10/05 v2.5k e-TeX tools for LaTeX (JAW)
\etb@tempcnta=\count313
) (/usr/share/texmf-dist/tex/generic/pdftexcmds/pdftexcmds.sty
Package: pdftexcmds 2020-06-27 v0.33 Utility functions of pdfTeX for LuaTeX (HO)
 (/usr/share/texmf-dist/tex/generic/infwarerr/infwarerr.sty
Package: infwarerr 2019/12/03 v1.5 Providing info/warning/error messages (HO)
) (/usr/share/texmf-dist/tex/generic/ltxcmds/ltxcmds.sty
Package: ltxcmds 2023-12-04 v1.26 LaTeX kernel commands for general use (HO)
)
Package pdftexcmds Info: \pdf@primitive is available.
Package pdftexcmds Info: \pdf@ifprimitive is available.
Package pdftexcmds Info: \pdfdraftmode found.
))
\l__siunitx_table_tmp_box=\box64
\l__siunitx_table_tmp_dim=\dimen197
\l__siunitx_table_column_width_dim=\dimen198
\l__siunitx_table_integer_box=\box65
\l__siunitx_table_decimal_box=\box66
\l__siunitx_table_uncert_box=\box67
\l__siunitx_table_before_box=\box68
\l__siunitx_table_after_box=\box69
\l__siunitx_table_before_dim=\dimen199
\l__siunitx_table_carry_dim=\dimen256
\l__siunitx_unit_tmp_int=\count314
\l__siunitx_unit_position_int=\count315
\l__siunitx_unit_total_int=\count316
 (/usr/share/texmf-dist/tex/latex/tools/array.sty
Package: array 2023/10/16 v2.5g Tabular extension package (FMi)
\col@sep=\dimen257
\ar@mcellbox=\box70
\extrarowheight=\dimen258
\NC@list=\toks40
\extratabsurround=\skip69
\backup@length=\skip70
\ar@cellbox=\box71
)) (/usr/share/texmf-dist/tex/latex/graphics/color.sty
Package: color 2022/01/06 v1.3d Standard LaTeX Color (DPC)
 (/usr/share/texmf-dist/tex/latex/graphics-cfg/color.cfg
File: color.cfg 2016/01/02 v1.6 sample color configuration
)
Package color Info: Driver file: pdftex.def on input line 149.
 (/usr/share/texmf-dist/tex/latex/graphics/mathcolor.ltx)) (./ANSWERS.aux)
\openout1 = `ANSWERS.aux'.

LaTeX Font Info:    Checking defaults for OML/cmm/m/it on input line 35.
LaTeX Font Info:    ... okay on input line 35.
LaTeX Font Info:    Checking defaults for OMS/cmsy/m/n on input line 35.
LaTeX Font Info:    ... okay on input line 35.
LaTeX Font Info:    Checking defaults for OT1/cmr/m/n on input line 35.
LaTeX Font Info:    ... okay on input line 35.
LaTeX Font Info:    Checking defaults for T1/cmr/m/n on input line 35.
LaTeX Font Info:    ... okay on input line 35.
LaTeX Font Info:    Checking defaults for TS1/cmr/m/n on input line 35.
LaTeX Font Info:    ... okay on input line 35.
LaTeX Font Info:    Checking defaults for OMX/cmex/m/n on input line 35.
LaTeX Font Info:    ... okay on input line 35.
LaTeX Font Info:    Checking defaults for U/cmr/m/n on input line 35.
LaTeX Font Info:    ... okay on input line 35.
 (/usr/share/texmf-dist/tex/context/base/mkii/supp-pdf.mkii
[Loading MPS to PDF converter (version 2006.09.02).]
\scratchcounter=\count317
\scratchdimen=\dimen259
\scratchbox=\box72
\nofMPsegments=\count318
\nofMParguments=\count319
\everyMPshowfont=\toks41
\MPscratchCnt=\count320
\MPscratchDim=\dimen260
\MPnumerator=\count321
\makeMPintoPDFobject=\count322
\everyMPtoPDFconversion=\toks42
) (/usr/share/texmf-dist/tex/latex/epstopdf-pkg/epstopdf-base.sty
Package: epstopdf-base 2020-01-24 v2.11 Base part for package epstopdf
Package epstopdf-base Info: Redefining graphics rule for `.eps' on input line 485.
 (/usr/share/texmf-dist/tex/latex/latexconfig/epstopdf-sys.cfg
File: epstopdf-sys.cfg 2010/07/13 v1.3 Configuration of (r)epstopdf for TeX Live
))
*geometry* driver: auto-detecting
*geometry* detected driver: pdftex
*geometry* verbose mode - [ preamble ] result:
* driver: pdftex
* paper: <default>
* layout: <same size as paper>
* layoutoffset:(h,v)=(0.0pt,0.0pt)
* modes: 
* h-part:(L,W,R)=(72.26999pt, 469.75502pt, 72.26999pt)
* v-part:(T,H,B)=(72.26999pt, 650.43001pt, 72.26999pt)
* \paperwidth=614.295pt
* \paperheight=794.96999pt
* \textwidth=469.75502pt
* \textheight=650.43001pt
* \oddsidemargin=0.0pt
* \evensidemargin=0.0pt
* \topmargin=-37.0pt
* \headheight=12.0pt
* \headsep=25.0pt
* \topskip=12.0pt
* \footskip=30.0pt
* \marginparwidth=44.0pt
* \marginparsep=10.0pt
* \columnsep=10.0pt
* \skip\footins=10.8pt plus 4.0pt minus 2.0pt
* \hoffset=0.0pt
* \voffset=0.0pt
* \mag=1000
* \@twocolumnfalse
* \@twosidefalse
* \@mparswitchfalse
* \@reversemarginfalse
* (1in=72.27pt=25.4mm, 1cm=28.453pt)

(/usr/share/texmf-dist/tex/latex/translations/translations-basic-dictionary-english.trsl
File: translations-basic-dictionary-english.trsl (english translation file `translations-basic-dictionary')
)
Package translations Info: loading dictionary `translations-basic-dictionary' for `english'. on input line 35.
 (/usr/share/texmf-dist/tex/latex/translations/translations-basic-dictionary-spanish.trsl
File: translations-basic-dictionary-spanish.trsl (spanish translation file `translations-basic-dictionary')
)
Package translations Info: loading dictionary `translations-basic-dictionary' for `spanish'. on input line 35.
 (/usr/share/texmf-dist/tex/latex/translations/translations-basic-dictionary-german.trsl
File: translations-basic-dictionary-german.trsl (german translation file `translations-basic-dictionary')
)
Package translations Info: loading dictionary `translations-basic-dictionary' for `german'. on input line 35.
LaTeX Font Info:    Trying to load font information for T1+cmtt on input line 42.
 (/usr/share/texmf-dist/tex/latex/base/t1cmtt.fd
File: t1cmtt.fd 2023/04/13 v2.5m Standard LaTeX font definitions
)
LaTeX Font Info:    Trying to load font information for U+msa on input line 42.
 (/usr/share/texmf-dist/tex/latex/amsfonts/umsa.fd
File: umsa.fd 2013/01/14 v3.01 AMS symbols A
)
LaTeX Font Info:    Trying to load font information for U+msb on input line 42.
 (/usr/share/texmf-dist/tex/latex/amsfonts/umsb.fd
File: umsb.fd 2013/01/14 v3.01 AMS symbols B
)
LaTeX Font Info:    Trying to load font information for U+esint on input line 42.
 (/usr/share/texmf-dist/tex/latex/esint/uesint.fd
File: uesint.fd 
) [1

{/var/lib/texmf/fonts/map/pdftex/updmap/pdftex.map}{/usr/share/texmf-dist/fonts/enc/dvips/cm-super/cm-super-t1.enc}] (./ANSWERS.aux)
 ***********
LaTeX2e <2023-11-01> patch level 1
L3 programming layer <2024-02-20>
 ***********
 ) 
Here is how much of TeX's memory you used:
 11760 strings out of 475967
 256821 string characters out of 5790009
 1929187 words of memory out of 5000000
 33746 multiletter control sequences out of 15000+600000
 565537 words of font info for 61 fonts, out of 8000000 for 9000
 40 hyphenation exceptions out of 8191
 73i,5n,86p,576b,532s stack positions out of 10000i,1000n,20000p,200000b,200000s
</usr/share/texmf-dist/fonts/type1/public/amsfonts/cm/cmmi12.pfb></usr/share/texmf-dist/fonts/type1/public/amsfonts/cm/cmr12.pfb></usr/share/texmf-dist/fonts/type1/public/amsfonts/cm/cmr8.pfb></usr/share/texmf-dist/fonts/type1/public/amsfonts/cm/cmsy10.pfb></usr/share/texmf-dist/fonts/type1/public/cm-super/sfbx1728.pfb></usr/share/texmf-dist/fonts/type1/public/cm-super/sfrm1200.pfb></usr/share/texmf-dist/fonts/type1/public/cm-super/sftt1200.pfb>
Output written on ANSWERS.pdf (1 page, 103712 bytes).
PDF statistics:
 44 PDF objects out of 1000 (max. 8388607)
 26 compressed objects within 1 object stream
 0 named destinations out of 1000 (max. 500000)
 1 words of extra memory for PDF output out of 10000 (max. 10000000)

